{"C:\\laragon\\www\\1030510085_BS435_WebProgramlama\\Odev02\\src\\kod.js": {"path":"C:\\laragon\\www\\1030510085_BS435_WebProgramlama\\Odev02\\src\\kod.js","statementMap":{"0":{"start":{"line":2,"column":17},"end":{"line":2,"column":21}},"1":{"start":{"line":3,"column":17},"end":{"line":3,"column":21}},"2":{"start":{"line":4,"column":16},"end":{"line":4,"column":20}},"3":{"start":{"line":5,"column":17},"end":{"line":5,"column":18}},"4":{"start":{"line":9,"column":15},"end":{"line":9,"column":16}},"5":{"start":{"line":10,"column":0},"end":{"line":10,"column":7}},"6":{"start":{"line":13,"column":4},"end":{"line":13,"column":49}},"7":{"start":{"line":14,"column":4},"end":{"line":14,"column":49}},"8":{"start":{"line":15,"column":4},"end":{"line":15,"column":49}},"9":{"start":{"line":16,"column":15},"end":{"line":16,"column":24}},"10":{"start":{"line":17,"column":4},"end":{"line":20,"column":5}},"11":{"start":{"line":18,"column":8},"end":{"line":18,"column":15}},"12":{"start":{"line":24,"column":4},"end":{"line":28,"column":5}},"13":{"start":{"line":25,"column":8},"end":{"line":25,"column":27}},"14":{"start":{"line":26,"column":8},"end":{"line":26,"column":23}},"15":{"start":{"line":32,"column":4},"end":{"line":35,"column":5}},"16":{"start":{"line":33,"column":8},"end":{"line":33,"column":27}},"17":{"start":{"line":34,"column":8},"end":{"line":34,"column":24}},"18":{"start":{"line":39,"column":4},"end":{"line":42,"column":5}},"19":{"start":{"line":40,"column":8},"end":{"line":40,"column":26}},"20":{"start":{"line":41,"column":8},"end":{"line":41,"column":24}},"21":{"start":{"line":47,"column":4},"end":{"line":47,"column":15}},"22":{"start":{"line":48,"column":4},"end":{"line":59,"column":5}},"23":{"start":{"line":49,"column":8},"end":{"line":58,"column":9}},"24":{"start":{"line":50,"column":12},"end":{"line":50,"column":72}},"25":{"start":{"line":51,"column":12},"end":{"line":51,"column":25}},"26":{"start":{"line":52,"column":12},"end":{"line":54,"column":13}},"27":{"start":{"line":53,"column":16},"end":{"line":53,"column":27}},"28":{"start":{"line":56,"column":12},"end":{"line":56,"column":71}},"29":{"start":{"line":57,"column":12},"end":{"line":57,"column":22}},"30":{"start":{"line":63,"column":4},"end":{"line":63,"column":15}},"31":{"start":{"line":64,"column":4},"end":{"line":75,"column":5}},"32":{"start":{"line":65,"column":8},"end":{"line":74,"column":9}},"33":{"start":{"line":66,"column":12},"end":{"line":66,"column":72}},"34":{"start":{"line":67,"column":12},"end":{"line":67,"column":25}},"35":{"start":{"line":68,"column":12},"end":{"line":70,"column":13}},"36":{"start":{"line":69,"column":16},"end":{"line":69,"column":27}},"37":{"start":{"line":72,"column":12},"end":{"line":72,"column":71}},"38":{"start":{"line":73,"column":12},"end":{"line":73,"column":22}},"39":{"start":{"line":79,"column":4},"end":{"line":79,"column":15}},"40":{"start":{"line":80,"column":4},"end":{"line":91,"column":5}},"41":{"start":{"line":81,"column":8},"end":{"line":90,"column":9}},"42":{"start":{"line":82,"column":12},"end":{"line":82,"column":72}},"43":{"start":{"line":83,"column":12},"end":{"line":83,"column":25}},"44":{"start":{"line":84,"column":12},"end":{"line":86,"column":13}},"45":{"start":{"line":85,"column":16},"end":{"line":85,"column":27}},"46":{"start":{"line":88,"column":12},"end":{"line":88,"column":71}},"47":{"start":{"line":89,"column":12},"end":{"line":89,"column":22}},"48":{"start":{"line":95,"column":4},"end":{"line":95,"column":61}},"49":{"start":{"line":96,"column":4},"end":{"line":96,"column":66}},"50":{"start":{"line":97,"column":4},"end":{"line":97,"column":17}},"51":{"start":{"line":101,"column":4},"end":{"line":101,"column":61}},"52":{"start":{"line":102,"column":4},"end":{"line":102,"column":66}},"53":{"start":{"line":103,"column":4},"end":{"line":103,"column":17}}},"fnMap":{"0":{"name":"Rand","decl":{"start":{"line":12,"column":16},"end":{"line":12,"column":20}},"loc":{"start":{"line":12,"column":23},"end":{"line":21,"column":1}},"line":12},"1":{"name":"CardButton","decl":{"start":{"line":23,"column":9},"end":{"line":23,"column":19}},"loc":{"start":{"line":23,"column":22},"end":{"line":29,"column":1}},"line":23},"2":{"name":"CardButton1","decl":{"start":{"line":31,"column":9},"end":{"line":31,"column":20}},"loc":{"start":{"line":31,"column":23},"end":{"line":36,"column":1}},"line":31},"3":{"name":"CardButton2","decl":{"start":{"line":38,"column":9},"end":{"line":38,"column":20}},"loc":{"start":{"line":38,"column":23},"end":{"line":43,"column":1}},"line":38},"4":{"name":"CardFunction","decl":{"start":{"line":46,"column":9},"end":{"line":46,"column":21}},"loc":{"start":{"line":46,"column":24},"end":{"line":60,"column":1}},"line":46},"5":{"name":"CardFunction1","decl":{"start":{"line":62,"column":9},"end":{"line":62,"column":22}},"loc":{"start":{"line":62,"column":25},"end":{"line":76,"column":1}},"line":62},"6":{"name":"CardFunction2","decl":{"start":{"line":78,"column":9},"end":{"line":78,"column":22}},"loc":{"start":{"line":78,"column":25},"end":{"line":92,"column":1}},"line":78},"7":{"name":"kaybetti","decl":{"start":{"line":94,"column":9},"end":{"line":94,"column":17}},"loc":{"start":{"line":94,"column":20},"end":{"line":98,"column":1}},"line":94},"8":{"name":"kazandi","decl":{"start":{"line":100,"column":9},"end":{"line":100,"column":16}},"loc":{"start":{"line":100,"column":19},"end":{"line":104,"column":1}},"line":100}},"branchMap":{"0":{"loc":{"start":{"line":17,"column":4},"end":{"line":20,"column":5}},"type":"if","locations":[{"start":{"line":17,"column":4},"end":{"line":20,"column":5}},{"start":{},"end":{}}],"line":17},"1":{"loc":{"start":{"line":17,"column":8},"end":{"line":17,"column":30}},"type":"binary-expr","locations":[{"start":{"line":17,"column":8},"end":{"line":17,"column":16}},{"start":{"line":17,"column":20},"end":{"line":17,"column":30}}],"line":17},"2":{"loc":{"start":{"line":24,"column":4},"end":{"line":28,"column":5}},"type":"if","locations":[{"start":{"line":24,"column":4},"end":{"line":28,"column":5}},{"start":{},"end":{}}],"line":24},"3":{"loc":{"start":{"line":32,"column":4},"end":{"line":35,"column":5}},"type":"if","locations":[{"start":{"line":32,"column":4},"end":{"line":35,"column":5}},{"start":{},"end":{}}],"line":32},"4":{"loc":{"start":{"line":39,"column":4},"end":{"line":42,"column":5}},"type":"if","locations":[{"start":{"line":39,"column":4},"end":{"line":42,"column":5}},{"start":{},"end":{}}],"line":39},"5":{"loc":{"start":{"line":48,"column":4},"end":{"line":59,"column":5}},"type":"if","locations":[{"start":{"line":48,"column":4},"end":{"line":59,"column":5}},{"start":{},"end":{}}],"line":48},"6":{"loc":{"start":{"line":49,"column":8},"end":{"line":58,"column":9}},"type":"if","locations":[{"start":{"line":49,"column":8},"end":{"line":58,"column":9}},{"start":{"line":55,"column":15},"end":{"line":58,"column":9}}],"line":49},"7":{"loc":{"start":{"line":52,"column":12},"end":{"line":54,"column":13}},"type":"if","locations":[{"start":{"line":52,"column":12},"end":{"line":54,"column":13}},{"start":{},"end":{}}],"line":52},"8":{"loc":{"start":{"line":64,"column":4},"end":{"line":75,"column":5}},"type":"if","locations":[{"start":{"line":64,"column":4},"end":{"line":75,"column":5}},{"start":{},"end":{}}],"line":64},"9":{"loc":{"start":{"line":65,"column":8},"end":{"line":74,"column":9}},"type":"if","locations":[{"start":{"line":65,"column":8},"end":{"line":74,"column":9}},{"start":{"line":71,"column":15},"end":{"line":74,"column":9}}],"line":65},"10":{"loc":{"start":{"line":68,"column":12},"end":{"line":70,"column":13}},"type":"if","locations":[{"start":{"line":68,"column":12},"end":{"line":70,"column":13}},{"start":{},"end":{}}],"line":68},"11":{"loc":{"start":{"line":80,"column":4},"end":{"line":91,"column":5}},"type":"if","locations":[{"start":{"line":80,"column":4},"end":{"line":91,"column":5}},{"start":{},"end":{}}],"line":80},"12":{"loc":{"start":{"line":81,"column":8},"end":{"line":90,"column":9}},"type":"if","locations":[{"start":{"line":81,"column":8},"end":{"line":90,"column":9}},{"start":{"line":87,"column":15},"end":{"line":90,"column":9}}],"line":81},"13":{"loc":{"start":{"line":84,"column":12},"end":{"line":86,"column":13}},"type":"if","locations":[{"start":{"line":84,"column":12},"end":{"line":86,"column":13}},{"start":{},"end":{}}],"line":84}},"s":{"0":0,"1":0,"2":0,"3":0,"4":0,"5":0,"6":0,"7":0,"8":0,"9":0,"10":0,"11":0,"12":0,"13":0,"14":0,"15":0,"16":0,"17":0,"18":0,"19":0,"20":0,"21":0,"22":0,"23":0,"24":0,"25":0,"26":0,"27":0,"28":0,"29":0,"30":0,"31":0,"32":0,"33":0,"34":0,"35":0,"36":0,"37":0,"38":0,"39":0,"40":0,"41":0,"42":0,"43":0,"44":0,"45":0,"46":0,"47":0,"48":0,"49":0,"50":0,"51":0,"52":0,"53":0},"f":{"0":0,"1":0,"2":0,"3":0,"4":0,"5":0,"6":0,"7":0,"8":0},"b":{"0":[0,0],"1":[0,0],"2":[0,0],"3":[0,0],"4":[0,0],"5":[0,0],"6":[0,0],"7":[0,0],"8":[0,0],"9":[0,0],"10":[0,0],"11":[0,0],"12":[0,0],"13":[0,0]}}
}
